Using pre-set license
Built from '2021.1/staging' branch; Version is '2021.1.5f1 (3737af19df53) revision 3618735'; Using compiler version '192528614'; Build Type 'Release'
OS: 'Windows 10 Home; OS build 19041.1052; Version 2004; 64bit' Language: 'en' Physical Memory: 16308 MB
BatchMode: 1, IsHumanControllingUs: 0, StartBugReporterOnCrash: 0, Is64bit: 1, IsPro: 0

 COMMAND LINE ARGUMENTS:
A:\Programs\UnityEditors\2021.1.5f1\Editor\Unity.exe
-adb2
-batchMode
-noUpm
-name
AssetImportWorker0
-projectPath
A:/Programs/UnityProjects/WaterGod
-logFile
Logs/AssetImportWorker0.log
-srvPort
63406
Successfully changed project path to: A:/Programs/UnityProjects/WaterGod
A:/Programs/UnityProjects/WaterGod
Using Asset Import Pipeline V2.
Refreshing native plugins compatible for Editor in 64.97 ms, found 1 plugins.
Preloading 0 native plugins for Editor in 0.00 ms.
Initialize engine version: 2021.1.5f1 (3737af19df53)
[Subsystems] Discovering subsystems at path A:/Programs/UnityEditors/2021.1.5f1/Editor/Data/Resources/UnitySubsystems
[Subsystems] Discovering subsystems at path A:/Programs/UnityProjects/WaterGod/Assets
GfxDevice: creating device client; threaded=0; jobified=0
Direct3D:
    Version:  Direct3D 11.0 [level 11.1]
    Renderer: NVIDIA GeForce GTX 1080 Ti (ID=0x1b06)
    Vendor:   NVIDIA
    VRAM:     11127 MB
    Driver:   27.21.14.6109
Initialize mono
Mono path[0] = 'A:/Programs/UnityEditors/2021.1.5f1/Editor/Data/Managed'
Mono path[1] = 'A:/Programs/UnityEditors/2021.1.5f1/Editor/Data/MonoBleedingEdge/lib/mono/unityjit'
Mono config path = 'A:/Programs/UnityEditors/2021.1.5f1/Editor/Data/MonoBleedingEdge/etc'
Using monoOptions --debugger-agent=transport=dt_socket,embedding=1,server=y,suspend=n,address=127.0.0.1:56868
Begin MonoManager ReloadAssembly
Registering precompiled unity dll's ...
Register platform support module: A:/Programs/UnityEditors/2021.1.5f1/Editor/Data/PlaybackEngines/WindowsStandaloneSupport/UnityEditor.WindowsStandalone.Extensions.dll
Registered in 0.001025 seconds.
Native extension for WindowsStandalone target not found
Refreshing native plugins compatible for Editor in 81.06 ms, found 1 plugins.
Preloading 0 native plugins for Editor in 0.00 ms.
Mono: successfully reloaded assembly
- Completed reload, in  1.410 seconds
Platform modules already initialized, skipping
Registering precompiled user dll's ...
Registered in 0.002633 seconds.
Begin MonoManager ReloadAssembly
Native extension for WindowsStandalone target not found
Refreshing native plugins compatible for Editor in 0.75 ms, found 1 plugins.
Preloading 0 native plugins for Editor in 0.00 ms.
Mono: successfully reloaded assembly
- Completed reload, in  3.706 seconds
Platform modules already initialized, skipping
========================================================================
Worker process is ready to serve import requests
Launched and connected shader compiler UnityShaderCompiler.exe after 0.07 seconds
Refreshing native plugins compatible for Editor in 0.74 ms, found 1 plugins.
Preloading 0 native plugins for Editor in 0.00 ms.
Unloading 2683 Unused Serialized files (Serialized files now loaded: 0)
System memory in use before: 100.7 MB.
System memory in use after: 100.8 MB.

Unloading 15 unused Assets to reduce memory usage. Loaded Objects now: 3138.
Total: 3.421400 ms (FindLiveObjects: 0.301600 ms CreateObjectMapping: 0.143400 ms MarkObjects: 2.888500 ms  DeleteObjects: 0.085700 ms)

========================================================================
Received Import Request.
  path: Assets/Conductor.cs
  artifactKey: Guid(4c1b7da5fa41fb04eaba17abc8fb5002) Importer(815301076,1909f56bfc062723c751e8b465ee728b)
Start importing Assets/Conductor.cs using Guid(4c1b7da5fa41fb04eaba17abc8fb5002) Importer(815301076,1909f56bfc062723c751e8b465ee728b)  -> (artifact id: '1aac6033a74a4304e1fe20797bb201ab') in 0.082320 seconds 
========================================================================
Received Prepare
Registering precompiled user dll's ...
Registered in 0.003257 seconds.
Begin MonoManager ReloadAssembly
Native extension for WindowsStandalone target not found
Refreshing native plugins compatible for Editor in 0.75 ms, found 1 plugins.
Preloading 0 native plugins for Editor in 0.00 ms.
Mono: successfully reloaded assembly
- Completed reload, in  0.776 seconds
Platform modules already initialized, skipping
Refreshing native plugins compatible for Editor in 0.73 ms, found 1 plugins.
Preloading 0 native plugins for Editor in 0.00 ms.
Unloading 2665 Unused Serialized files (Serialized files now loaded: 0)
System memory in use before: 99.3 MB.
System memory in use after: 99.5 MB.

Unloading 10 unused Assets to reduce memory usage. Loaded Objects now: 3141.
Total: 1.967100 ms (FindLiveObjects: 0.207300 ms CreateObjectMapping: 0.134000 ms MarkObjects: 1.574900 ms  DeleteObjects: 0.050000 ms)

========================================================================
Received Import Request.
  Time since last request: 764.330453 seconds.
  path: Assets/Conductor.cs
  artifactKey: Guid(4c1b7da5fa41fb04eaba17abc8fb5002) Importer(815301076,1909f56bfc062723c751e8b465ee728b)
Start importing Assets/Conductor.cs using Guid(4c1b7da5fa41fb04eaba17abc8fb5002) Importer(815301076,1909f56bfc062723c751e8b465ee728b)  -> (artifact id: '7b5dfeb6c82bbdb7fa707905f87f9944') in 0.008212 seconds 
========================================================================
Received Import Request.
  Time since last request: 16.542681 seconds.
  path: Assets/Prefabs/TilePrefab.prefab
  artifactKey: Guid(c0a53f4ef811907479d98bac5a37b469) Importer(815301076,1909f56bfc062723c751e8b465ee728b)
Start importing Assets/Prefabs/TilePrefab.prefab using Guid(c0a53f4ef811907479d98bac5a37b469) Importer(815301076,1909f56bfc062723c751e8b465ee728b)  -> (artifact id: 'be8567d09e8adcb25d1c9672a21af1df') in 0.419722 seconds 
========================================================================
Received Import Request.
  Time since last request: 3.006152 seconds.
  path: Assets/Prefabs/TilePrefabRevamp.prefab
  artifactKey: Guid(0652dbbfc21ec4b4a946cdc47ecb998f) Importer(815301076,1909f56bfc062723c751e8b465ee728b)
Start importing Assets/Prefabs/TilePrefabRevamp.prefab using Guid(0652dbbfc21ec4b4a946cdc47ecb998f) Importer(815301076,1909f56bfc062723c751e8b465ee728b)  -> (artifact id: '5b1546bb1e259355d8b165a1b435a5d5') in 0.057255 seconds 
========================================================================
Received Prepare
Registering precompiled user dll's ...
Registered in 0.002724 seconds.
Begin MonoManager ReloadAssembly
Native extension for WindowsStandalone target not found
Refreshing native plugins compatible for Editor in 0.43 ms, found 1 plugins.
Preloading 0 native plugins for Editor in 0.00 ms.
Mono: successfully reloaded assembly
- Completed reload, in  0.730 seconds
Platform modules already initialized, skipping
Refreshing native plugins compatible for Editor in 0.42 ms, found 1 plugins.
Preloading 0 native plugins for Editor in 0.00 ms.
Unloading 2665 Unused Serialized files (Serialized files now loaded: 0)
System memory in use before: 103.1 MB.
System memory in use after: 103.3 MB.

Unloading 11 unused Assets to reduce memory usage. Loaded Objects now: 3154.
Total: 2.058900 ms (FindLiveObjects: 0.186300 ms CreateObjectMapping: 0.099000 ms MarkObjects: 1.728100 ms  DeleteObjects: 0.044100 ms)

========================================================================
Received Import Request.
  Time since last request: 5.659566 seconds.
  path: Assets/Prefabs/TilePrefabDemo.prefab
  artifactKey: Guid(e7e26be0ec13e154cbe9db5d6ab68992) Importer(815301076,1909f56bfc062723c751e8b465ee728b)
Start importing Assets/Prefabs/TilePrefabDemo.prefab using Guid(e7e26be0ec13e154cbe9db5d6ab68992) Importer(815301076,1909f56bfc062723c751e8b465ee728b)  -> (artifact id: 'efdd19c7fade15b999277159efaa06a2') in 0.059866 seconds 
========================================================================
Received Prepare
Registering precompiled user dll's ...
Registered in 0.002426 seconds.
Begin MonoManager ReloadAssembly
Native extension for WindowsStandalone target not found
Refreshing native plugins compatible for Editor in 0.65 ms, found 1 plugins.
Preloading 0 native plugins for Editor in 0.00 ms.
Mono: successfully reloaded assembly
- Completed reload, in  0.743 seconds
Platform modules already initialized, skipping
Refreshing native plugins compatible for Editor in 0.70 ms, found 1 plugins.
Preloading 0 native plugins for Editor in 0.00 ms.
Unloading 2665 Unused Serialized files (Serialized files now loaded: 0)
System memory in use before: 103.2 MB.
System memory in use after: 103.3 MB.

Unloading 11 unused Assets to reduce memory usage. Loaded Objects now: 3158.
Total: 1.972700 ms (FindLiveObjects: 0.225900 ms CreateObjectMapping: 0.123800 ms MarkObjects: 1.572400 ms  DeleteObjects: 0.049700 ms)

